<?xml version="1.0" encoding="UTF-8"?>
<!-- Generated by org.testng.reporters.JUnitReportReporter -->
<testsuite hostname="LAPTOP-SM693BVJ" failures="0" tests="1" name="s.s.create_test" time="12.152" errors="0" timestamp="2024-03-09T20:14:49 IST" skipped="0">
  <testcase classname="s.s.create_test" name="test" time="12.152"/>
  <system-out/>
</testsuite> <!-- s.s.create_test -->
