<?xml version="1.0" encoding="UTF-8"?>
<!-- Generated by org.testng.reporters.JUnitReportReporter -->
<testsuite hostname="LAPTOP-SM693BVJ" failures="0" tests="1" name="TestCases.TestCase_1" time="70.049" errors="0" timestamp="2024-03-10T19:26:26 IST" skipped="0">
  <testcase classname="TestCases.TestCase_1" name="testCase1_Chrome" time="70.049"/>
  <system-out/>
</testsuite> <!-- TestCases.TestCase_1 -->
