<?xml version="1.0" encoding="UTF-8"?>
<!-- Generated by org.testng.reporters.JUnitReportReporter -->
<testsuite hostname="LAPTOP-SM693BVJ" failures="0" tests="10" name="ultimateQa.create_test" time="9.909" errors="0" timestamp="2024-03-09T20:45:23 IST" skipped="0">
  <testcase classname="ultimateQa.create_test" name="test" time="1.808"/>
  <system-out/>
  <testcase classname="ultimateQa.create_test" name="test" time="1.317"/>
  <system-out/>
  <testcase classname="ultimateQa.create_test" name="test" time="0.527"/>
  <system-out/>
  <testcase classname="ultimateQa.create_test" name="test" time="1.282"/>
  <system-out/>
  <testcase classname="ultimateQa.create_test" name="test" time="1.363"/>
  <system-out/>
  <testcase classname="ultimateQa.create_test" name="test" time="1.373"/>
  <system-out/>
  <testcase classname="ultimateQa.create_test" name="test" time="0.679"/>
  <system-out/>
  <testcase classname="ultimateQa.create_test" name="test" time="0.536"/>
  <system-out/>
  <testcase classname="ultimateQa.create_test" name="test" time="0.525"/>
  <system-out/>
  <testcase classname="ultimateQa.create_test" name="test" time="0.499"/>
  <system-out/>
</testsuite> <!-- ultimateQa.create_test -->
