<?xml version="1.0" encoding="UTF-8"?>
<!-- Generated by org.testng.reporters.JUnitReportReporter -->
<testsuite hostname="LAPTOP-SM693BVJ" failures="0" tests="1" name="TestCases.TestCase_2" time="12.406" errors="0" timestamp="2024-03-10T19:21:59 IST" skipped="0">
  <testcase classname="TestCases.TestCase_2" name="testCase2_Chrome" time="12.406"/>
  <system-out/>
</testsuite> <!-- TestCases.TestCase_2 -->
