<?xml version="1.0" encoding="UTF-8"?>
<!-- Generated by org.testng.reporters.JUnitReportReporter -->
<testsuite hostname="LAPTOP-SM693BVJ" failures="0" tests="1" name="DealsDray.TestCase_1" time="0.005" errors="0" timestamp="2024-03-10T16:52:56 IST" skipped="0">
  <testcase classname="DealsDray.TestCase_1" name="testCase_UI" time="0.005"/>
  <system-out/>
</testsuite> <!-- DealsDray.TestCase_1 -->
